[Licensing::Module] Trying to connect to existing licensing client channel...
Built from '6000.3/staging' branch; Version is '6000.3.7f1 (696ec25a53d1) revision 6909634'; Using compiler version '194234433'; Build Type 'Release'
OS: 'Windows 11  (10.0.26200) Core' Language: 'en' Physical Memory: 14181 MB
BatchMode: 1, IsHumanControllingUs: 0, StartBugReporterOnCrash: 0, Is64bit: 1
[Licensing::IpcConnector] Successfully connected to: "LicenseClient-grego" at "2026-04-25T11:33:05.0028973Z"
System  architecture: x64
Process architecture: x64
Date: 2026-04-25T11:33:05Z

COMMAND LINE ARGUMENTS:
C:\Program Files\Unity\Hub\Editor\6000.3.7f1\Editor\Unity.exe
-adb2
-batchMode
-noUpm
-name
AssetImportWorker0
-projectPath
C:/Users/grego/Desktop/g19_Dream_Painting
-logFile
Logs/AssetImportWorker0.log
-srvPort
49814
-licensingIpc
LicenseClient-grego
-job-worker-count
5
-background-job-worker-count
8
-gc-helper-count
1
-name
AssetImport
Successfully changed project path to: C:/Users/grego/Desktop/g19_Dream_Painting
C:/Users/grego/Desktop/g19_Dream_Painting
[UnityMemory] Configuration Parameters - Can be set up in boot.config
    "memorysetup-temp-allocator-size-nav-mesh-worker=65536"
    "memorysetup-temp-allocator-size-audio-worker=65536"
    "memorysetup-temp-allocator-size-gfx=262144"
    "memorysetup-allocator-temp-initial-block-size-main=262144"
    "memorysetup-allocator-temp-initial-block-size-worker=262144"
    "memorysetup-temp-allocator-size-background-worker=32768"
    "memorysetup-temp-allocator-size-job-worker=262144"
    "memorysetup-temp-allocator-size-preload-manager=33554432"
    "memorysetup-temp-allocator-size-gi-baking-worker=262144"
    "memorysetup-temp-allocator-size-gi-baking-worker=262144"
    "memorysetup-temp-allocator-size-gi-baking-worker=262144"
    "memorysetup-temp-allocator-size-gi-baking-worker=262144"
    "memorysetup-temp-allocator-size-gi-baking-worker=262144"
    "memorysetup-bucket-allocator-granularity=16"
    "memorysetup-bucket-allocator-bucket-count=8"
    "memorysetup-bucket-allocator-block-size=33554432"
    "memorysetup-bucket-allocator-block-count=8"
    "memorysetup-main-allocator-block-size=16777216"
    "memorysetup-thread-allocator-block-size=16777216"
    "memorysetup-gfx-main-allocator-block-size=16777216"
    "memorysetup-gfx-thread-allocator-block-size=16777216"
    "memorysetup-cache-allocator-block-size=4194304"
    "memorysetup-typetree-allocator-block-size=2097152"
    "memorysetup-profiler-bucket-allocator-granularity=16"
    "memorysetup-profiler-bucket-allocator-bucket-count=8"
    "memorysetup-profiler-bucket-allocator-block-size=33554432"
    "memorysetup-profiler-bucket-allocator-block-count=8"
    "memorysetup-profiler-allocator-block-size=16777216"
    "memorysetup-profiler-editor-allocator-block-size=1048576"
    "memorysetup-temp-allocator-size-main=16777216"
    "memorysetup-job-temp-allocator-block-size=2097152"
    "memorysetup-job-temp-allocator-block-size-background=1048576"
    "memorysetup-job-temp-allocator-reduction-small-platforms=262144"
    "memorysetup-temp-allocator-size-cloud-worker=32768"
Player connection [47284]  Target information:

Player connection [47284]  * "[IP] 192.168.1.6 [Port] 0 [Flags] 2 [Guid] 2586039429 [EditorId] 2586039429 [Version] 1048832 [Id] WindowsEditor(7,Gregs-Lenovo) [Debug] 1 [PackageName] WindowsEditor [ProjectName] Editor" 

Player connection [47284] Host joined multi-casting on [225.0.0.222:54997]...
Player connection [47284] Host joined alternative multi-casting on [225.0.0.222:34997]...
JobSystem: Creating JobQueue using job-worker-count value 5
Input System module state changed to: Initialized.
[Physics::Module] Initialized fallback backend.
[Physics::Module] Id: 0xdecafbad
Library Redirect Path: Library/
[Physics::Module] Selected backend.
[Physics::Module] Name: PhysX
[Physics::Module] Id: 0xf2b8ea05
[Physics::Module] SDK Version: 4.1.2
[Physics::Module] Integration Version: 1.0.0
[Physics::Module] Threading Mode: Multi-Threaded
Refreshing native plugins compatible for Editor in 24.89 ms, found 3 plugins.
Preloading 0 native plugins for Editor in 0.00 ms.
Initialize engine version: 6000.3.7f1 (696ec25a53d1)
[Subsystems] Discovering subsystems at path C:/Program Files/Unity/Hub/Editor/6000.3.7f1/Editor/Data/Resources/UnitySubsystems
[Subsystems] Discovering subsystems at path C:/Users/grego/Desktop/g19_Dream_Painting/Assets
GfxDevice: creating device client; kGfxThreadingModeNonThreaded
Direct3D:
    Version:  Direct3D 11.0 [level 11.1]
    Renderer: AMD Radeon(TM) Graphics (ID=0x164c)
    Vendor:   ATI
    VRAM:     7090 MB
    Driver:   31.0.21912.3005
Initialize mono
Mono path[0] = 'C:/Program Files/Unity/Hub/Editor/6000.3.7f1/Editor/Data/Managed'
Mono path[1] = 'C:/Program Files/Unity/Hub/Editor/6000.3.7f1/Editor/Data/MonoBleedingEdge/lib/mono/unityjit-win32'
Mono config path = 'C:/Program Files/Unity/Hub/Editor/6000.3.7f1/Editor/Data/MonoBleedingEdge/etc'
Using monoOptions --debugger-agent=transport=dt_socket,embedding=1,server=y,suspend=n,address=127.0.0.1:56168
Begin MonoManager ReloadAssembly
Registering precompiled unity dll's ...
Register platform support module: C:/Program Files/Unity/Hub/Editor/6000.3.7f1/Editor/Data/PlaybackEngines/WebGLSupport/UnityEditor.WebGL.Extensions.dll
Register platform support module: C:/Program Files/Unity/Hub/Editor/6000.3.7f1/Editor/Data/PlaybackEngines/WindowsStandaloneSupport/UnityEditor.WindowsStandalone.Extensions.dll
Registered in 0.008944 seconds.
- Loaded All Assemblies, in  1.412 seconds
Native extension for WindowsStandalone target not found
Native extension for WebGL target not found
ScheduleIndexationOnStartup MainProcess:False IndexOnStartup:True
Mono: successfully reloaded assembly
- Finished resetting the current domain, in  2.042 seconds
Domain Reload Profiling: 3444ms
	BeginReloadAssembly (407ms)
		ExecutionOrderSort (0ms)
		DisableScriptedObjects (0ms)
		BackupInstance (0ms)
		ReleaseScriptingObjects (0ms)
		CreateAndSetChildDomain (1ms)
	RebuildCommonClasses (99ms)
	RebuildNativeTypeToScriptingClass (29ms)
	initialDomainReloadingComplete (118ms)
	LoadAllAssembliesAndSetupDomain (746ms)
		LoadAssemblies (402ms)
		RebuildTransferFunctionScriptingTraits (0ms)
		AnalyzeDomain (736ms)
			TypeCache.Refresh (732ms)
				TypeCache.ScanAssembly (669ms)
			BuildScriptInfoCaches (0ms)
			ResolveRequiredComponents (1ms)
	FinalizeReload (2045ms)
		ReleaseScriptCaches (0ms)
		RebuildScriptCaches (0ms)
		SetupLoadedEditorAssemblies (1870ms)
			LogAssemblyErrors (0ms)
			InitializePlatformSupportModulesInManaged (399ms)
			SetLoadedEditorAssemblies (7ms)
			BeforeProcessingInitializeOnLoad (561ms)
			ProcessInitializeOnLoadAttributes (644ms)
			ProcessInitializeOnLoadMethodAttributes (258ms)
			AfterProcessingInitializeOnLoad (0ms)
			EditorAssembliesLoaded (0ms)
		ExecutionOrderSort2 (0ms)
		AwakeInstancesAfterBackupRestoration (0ms)
========================================================================
Worker process is ready to serve import requests
Import Worker Mode flag is 0x00
Begin MonoManager ReloadAssembly
[Licensing::Module] Licensing is not yet initialized.
[Licensing::Client] Handshaking with LicensingClient:
  Version:                 1.17.4+4293ba1
  Session Id:              1322c2bf63754babb52f4fdc9caaab12
  Correlation Id:          16202f17d9d489d171fe12a74b6d57cc
  External correlation Id: 158145348264266814
  Machine Id:              LCNNiW4Nc8dYd2rrZzzF/wKMSAs=
[Licensing::Module] Successfully connected to LicensingClient on channel: "LicenseClient-grego" (connect: 0.00s, validation: 0.01s, handshake: 9.90s)
[Licensing::IpcConnector] Successfully connected to: "LicenseClient-grego-notifications" at "2026-04-25T11:33:14.9211796Z"
[Licensing::Module] Licensing Background thread has ended after 9.92s
[Licensing::Module] Licensing is initialized (took 2.06s).
[Licensing::Client] Successfully resolved entitlement details
[Licensing::Module] License group:
  Id: 6872806136239-UnityPersXXXX
  Product: Unity Personal
  Type: Assigned
  Expiration: Unlimited
Symbol file LoadedFromMemory is not a mono symbol file
- Loaded All Assemblies, in  6.954 seconds
Refreshing native plugins compatible for Editor in 14.71 ms, found 3 plugins.
Native extension for WindowsStandalone target not found
Native extension for WebGL target not found
Refreshing native plugins compatible for Editor in 24.13 ms, found 3 plugins.
Package Manager log level set to [2]
[Package Manager] Failed to launch server process. Reason: Unity was launched with the -noUpm command-line argument
[Package Manager] Unable to send message (not connected to server process).
[Package Manager] Cannot connect to Unity Package Manager local server
ScheduleIndexationOnStartup MainProcess:False IndexOnStartup:True
Mono: successfully reloaded assembly
- Finished resetting the current domain, in  5.581 seconds
Domain Reload Profiling: 12509ms
	BeginReloadAssembly (3347ms)
		ExecutionOrderSort (0ms)
		DisableScriptedObjects (51ms)
		BackupInstance (0ms)
		ReleaseScriptingObjects (0ms)
		CreateAndSetChildDomain (245ms)
	RebuildCommonClasses (152ms)
	RebuildNativeTypeToScriptingClass (44ms)
	initialDomainReloadingComplete (161ms)
	LoadAllAssembliesAndSetupDomain (3223ms)
		LoadAssemblies (2660ms)
		RebuildTransferFunctionScriptingTraits (0ms)
		AnalyzeDomain (1202ms)
			TypeCache.Refresh (893ms)
				TypeCache.ScanAssembly (799ms)
			BuildScriptInfoCaches (271ms)
			ResolveRequiredComponents (27ms)
	FinalizeReload (5582ms)
		ReleaseScriptCaches (0ms)
		RebuildScriptCaches (0ms)
		SetupLoadedEditorAssemblies (5074ms)
			LogAssemblyErrors (0ms)
			InitializePlatformSupportModulesInManaged (7ms)
			SetLoadedEditorAssemblies (17ms)
			BeforeProcessingInitializeOnLoad (1097ms)
			ProcessInitializeOnLoadAttributes (2188ms)
			ProcessInitializeOnLoadMethodAttributes (1742ms)
			AfterProcessingInitializeOnLoad (23ms)
			EditorAssembliesLoaded (1ms)
		ExecutionOrderSort2 (0ms)
		AwakeInstancesAfterBackupRestoration (18ms)
Launched and connected shader compiler UnityShaderCompiler.exe after 0.07 seconds
Refreshing native plugins compatible for Editor in 15.33 ms, found 3 plugins.
Preloading 0 native plugins for Editor in 0.00 ms.
Unloading 11 Unused Serialized files (Serialized files now loaded: 0)
Unloading 8561 unused Assets / (5.7 MB). Loaded Objects now: 9582.
Memory consumption went from 220.1 MB to 214.4 MB.
Total: 31.155700 ms (FindLiveObjects: 2.113400 ms CreateObjectMapping: 1.469300 ms MarkObjects: 18.698100 ms  DeleteObjects: 8.871900 ms)

========================================================================
Received Prepare
Begin MonoManager ReloadAssembly
Symbol file LoadedFromMemory is not a mono symbol file
- Loaded All Assemblies, in  2.037 seconds
Refreshing native plugins compatible for Editor in 15.04 ms, found 3 plugins.
Native extension for WindowsStandalone target not found
Native extension for WebGL target not found
[Package Manager] Failed to launch server process. Reason: Unity was launched with the -noUpm command-line argument
[Package Manager] Unable to send message (not connected to server process).
[Package Manager] Cannot connect to Unity Package Manager local server
ScheduleIndexationOnStartup MainProcess:False IndexOnStartup:True
Mono: successfully reloaded assembly
- Finished resetting the current domain, in  2.572 seconds
Domain Reload Profiling: 4597ms
	BeginReloadAssembly (529ms)
		ExecutionOrderSort (0ms)
		DisableScriptedObjects (15ms)
		BackupInstance (0ms)
		ReleaseScriptingObjects (0ms)
		CreateAndSetChildDomain (112ms)
	RebuildCommonClasses (98ms)
	RebuildNativeTypeToScriptingClass (31ms)
	initialDomainReloadingComplete (93ms)
	LoadAllAssembliesAndSetupDomain (1274ms)
		LoadAssemblies (1053ms)
		RebuildTransferFunctionScriptingTraits (0ms)
		AnalyzeDomain (491ms)
			TypeCache.Refresh (16ms)
				TypeCache.ScanAssembly (0ms)
			BuildScriptInfoCaches (445ms)
			ResolveRequiredComponents (19ms)
	FinalizeReload (2573ms)
		ReleaseScriptCaches (0ms)
		RebuildScriptCaches (0ms)
		SetupLoadedEditorAssemblies (2088ms)
			LogAssemblyErrors (0ms)
			InitializePlatformSupportModulesInManaged (4ms)
			SetLoadedEditorAssemblies (8ms)
			BeforeProcessingInitializeOnLoad (388ms)
			ProcessInitializeOnLoadAttributes (871ms)
			ProcessInitializeOnLoadMethodAttributes (789ms)
			AfterProcessingInitializeOnLoad (27ms)
			EditorAssembliesLoaded (1ms)
		ExecutionOrderSort2 (0ms)
		AwakeInstancesAfterBackupRestoration (59ms)
Refreshing native plugins compatible for Editor in 18.79 ms, found 3 plugins.
Preloading 0 native plugins for Editor in 0.00 ms.
Unloading 6 Unused Serialized files (Serialized files now loaded: 0)
Unloading 8559 unused Assets / (5.4 MB). Loaded Objects now: 9610.
Memory consumption went from 230.1 MB to 224.7 MB.
Total: 39.966900 ms (FindLiveObjects: 2.488000 ms CreateObjectMapping: 2.328000 ms MarkObjects: 25.069700 ms  DeleteObjects: 10.078100 ms)

Prepare: number of updated asset objects reloaded= 0
========================================================================
Received Import Request.
  Time since last request: 896341.409245 seconds.
  path: Assets/Dream Painting/Scripts/ItemSpawner.cs
  artifactKey: Guid(6c59b67bf8c3ad1458826086781aed2f) Importer(815301076,1909f56bfc062723c751e8b465ee728b)
Start importing Assets/Dream Painting/Scripts/ItemSpawner.cs using Guid(6c59b67bf8c3ad1458826086781aed2f) Importer(815301076,1909f56bfc062723c751e8b465ee728b) (PreviewImporter) -> (artifact id: '00000000000000000000000000000000') in 0.0085795 seconds
Import Error Code:(4)
Message: Build asset version error: assets/dream painting/scripts/itemspawner.cs in SourceAssetDB has modification time of '2026-04-25T11:33:03.3891025Z' while content on disk has modification time of '2026-04-25T11:33:19.1794973Z'
  ERROR: Build asset version error: assets/dream painting/scripts/itemspawner.cs in SourceAssetDB has modification time of '2026-04-25T11:33:03.3891025Z' while content on disk has modification time of '2026-04-25T11:33:19.1794973Z'
Number of updated asset objects reloaded before import = 0Number of asset objects unloaded after import = 0

========================================================================
Received Import Request.
  Time since last request: 0.000057 seconds.
  path: Assets/Dream Painting/Scripts/ItemSpawner.cs
  artifactKey: Guid(6c59b67bf8c3ad1458826086781aed2f) Importer(815301076,1909f56bfc062723c751e8b465ee728b)
Start importing Assets/Dream Painting/Scripts/ItemSpawner.cs using Guid(6c59b67bf8c3ad1458826086781aed2f) Importer(815301076,1909f56bfc062723c751e8b465ee728b) (PreviewImporter) -> (artifact id: '00000000000000000000000000000000') in 0.0015658 seconds
Import Error Code:(4)
Message: Build asset version error: assets/dream painting/scripts/itemspawner.cs in SourceAssetDB has modification time of '2026-04-25T11:33:03.3891025Z' while content on disk has modification time of '2026-04-25T11:33:19.1794973Z'
  ERROR: Build asset version error: assets/dream painting/scripts/itemspawner.cs in SourceAssetDB has modification time of '2026-04-25T11:33:03.3891025Z' while content on disk has modification time of '2026-04-25T11:33:19.1794973Z'
Number of updated asset objects reloaded before import = 0Number of asset objects unloaded after import = 0

========================================================================
Received Import Request.
  Time since last request: 0.000070 seconds.
  path: Assets/Dream Painting/Scripts/ItemSpawner.cs
  artifactKey: Guid(6c59b67bf8c3ad1458826086781aed2f) Importer(815301076,1909f56bfc062723c751e8b465ee728b)
Start importing Assets/Dream Painting/Scripts/ItemSpawner.cs using Guid(6c59b67bf8c3ad1458826086781aed2f) Importer(815301076,1909f56bfc062723c751e8b465ee728b) (PreviewImporter) -> (artifact id: '00000000000000000000000000000000') in 0.0010438 seconds
Import Error Code:(4)
Message: Build asset version error: assets/dream painting/scripts/itemspawner.cs in SourceAssetDB has modification time of '2026-04-25T11:33:03.3891025Z' while content on disk has modification time of '2026-04-25T11:33:19.1794973Z'
  ERROR: Build asset version error: assets/dream painting/scripts/itemspawner.cs in SourceAssetDB has modification time of '2026-04-25T11:33:03.3891025Z' while content on disk has modification time of '2026-04-25T11:33:19.1794973Z'
Number of updated asset objects reloaded before import = 0Number of asset objects unloaded after import = 0

========================================================================
Received Import Request.
  Time since last request: 0.000024 seconds.
  path: Assets/Dream Painting/Scripts/ItemSpawner.cs
  artifactKey: Guid(6c59b67bf8c3ad1458826086781aed2f) Importer(815301076,1909f56bfc062723c751e8b465ee728b)
Start importing Assets/Dream Painting/Scripts/ItemSpawner.cs using Guid(6c59b67bf8c3ad1458826086781aed2f) Importer(815301076,1909f56bfc062723c751e8b465ee728b) (PreviewImporter) -> (artifact id: '00000000000000000000000000000000') in 0.0010147 seconds
Import Error Code:(4)
Message: Build asset version error: assets/dream painting/scripts/itemspawner.cs in SourceAssetDB has modification time of '2026-04-25T11:33:03.3891025Z' while content on disk has modification time of '2026-04-25T11:33:19.1794973Z'
  ERROR: Build asset version error: assets/dream painting/scripts/itemspawner.cs in SourceAssetDB has modification time of '2026-04-25T11:33:03.3891025Z' while content on disk has modification time of '2026-04-25T11:33:19.1794973Z'
Number of updated asset objects reloaded before import = 0Number of asset objects unloaded after import = 0

========================================================================
Received Import Request.
  Time since last request: 0.000061 seconds.
  path: Assets/Dream Painting/Scripts/ItemSpawner.cs
  artifactKey: Guid(6c59b67bf8c3ad1458826086781aed2f) Importer(815301076,1909f56bfc062723c751e8b465ee728b)
Start importing Assets/Dream Painting/Scripts/ItemSpawner.cs using Guid(6c59b67bf8c3ad1458826086781aed2f) Importer(815301076,1909f56bfc062723c751e8b465ee728b) (PreviewImporter) -> (artifact id: '00000000000000000000000000000000') in 0.001196 seconds
Import Error Code:(4)
Message: Build asset version error: assets/dream painting/scripts/itemspawner.cs in SourceAssetDB has modification time of '2026-04-25T11:33:03.3891025Z' while content on disk has modification time of '2026-04-25T11:33:19.1794973Z'
  ERROR: Build asset version error: assets/dream painting/scripts/itemspawner.cs in SourceAssetDB has modification time of '2026-04-25T11:33:03.3891025Z' while content on disk has modification time of '2026-04-25T11:33:19.1794973Z'
Number of updated asset objects reloaded before import = 0Number of asset objects unloaded after import = 0

========================================================================
Received Import Request.
  Time since last request: 0.000033 seconds.
  path: Assets/Dream Painting/Scripts/ItemSpawner.cs
  artifactKey: Guid(6c59b67bf8c3ad1458826086781aed2f) Importer(815301076,1909f56bfc062723c751e8b465ee728b)
Start importing Assets/Dream Painting/Scripts/ItemSpawner.cs using Guid(6c59b67bf8c3ad1458826086781aed2f) Importer(815301076,1909f56bfc062723c751e8b465ee728b) (PreviewImporter) -> (artifact id: '00000000000000000000000000000000') in 0.0007724 seconds
Import Error Code:(4)
Message: Build asset version error: assets/dream painting/scripts/itemspawner.cs in SourceAssetDB has modification time of '2026-04-25T11:33:03.3891025Z' while content on disk has modification time of '2026-04-25T11:33:19.1794973Z'
  ERROR: Build asset version error: assets/dream painting/scripts/itemspawner.cs in SourceAssetDB has modification time of '2026-04-25T11:33:03.3891025Z' while content on disk has modification time of '2026-04-25T11:33:19.1794973Z'
Number of updated asset objects reloaded before import = 0Number of asset objects unloaded after import = 0

========================================================================
Received Import Request.
  Time since last request: 0.000045 seconds.
  path: Assets/Dream Painting/Scripts/ItemSpawner.cs
  artifactKey: Guid(6c59b67bf8c3ad1458826086781aed2f) Importer(815301076,1909f56bfc062723c751e8b465ee728b)
Start importing Assets/Dream Painting/Scripts/ItemSpawner.cs using Guid(6c59b67bf8c3ad1458826086781aed2f) Importer(815301076,1909f56bfc062723c751e8b465ee728b) (PreviewImporter) -> (artifact id: '00000000000000000000000000000000') in 0.0011504 seconds
Import Error Code:(4)
Message: Build asset version error: assets/dream painting/scripts/itemspawner.cs in SourceAssetDB has modification time of '2026-04-25T11:33:03.3891025Z' while content on disk has modification time of '2026-04-25T11:33:19.1794973Z'
  ERROR: Build asset version error: assets/dream painting/scripts/itemspawner.cs in SourceAssetDB has modification time of '2026-04-25T11:33:03.3891025Z' while content on disk has modification time of '2026-04-25T11:33:19.1794973Z'
Number of updated asset objects reloaded before import = 0Number of asset objects unloaded after import = 0

========================================================================
Received Import Request.
  Time since last request: 0.000036 seconds.
  path: Assets/Dream Painting/Scripts/ItemSpawner.cs
  artifactKey: Guid(6c59b67bf8c3ad1458826086781aed2f) Importer(815301076,1909f56bfc062723c751e8b465ee728b)
Start importing Assets/Dream Painting/Scripts/ItemSpawner.cs using Guid(6c59b67bf8c3ad1458826086781aed2f) Importer(815301076,1909f56bfc062723c751e8b465ee728b) (PreviewImporter) -> (artifact id: '00000000000000000000000000000000') in 0.0010222 seconds
Import Error Code:(4)
Message: Build asset version error: assets/dream painting/scripts/itemspawner.cs in SourceAssetDB has modification time of '2026-04-25T11:33:03.3891025Z' while content on disk has modification time of '2026-04-25T11:33:19.1794973Z'
  ERROR: Build asset version error: assets/dream painting/scripts/itemspawner.cs in SourceAssetDB has modification time of '2026-04-25T11:33:03.3891025Z' while content on disk has modification time of '2026-04-25T11:33:19.1794973Z'
Number of updated asset objects reloaded before import = 0Number of asset objects unloaded after import = 0

========================================================================
Received Import Request.
  Time since last request: 0.000055 seconds.
  path: Assets/Dream Painting/Scripts/ItemSpawner.cs
  artifactKey: Guid(6c59b67bf8c3ad1458826086781aed2f) Importer(815301076,1909f56bfc062723c751e8b465ee728b)
Start importing Assets/Dream Painting/Scripts/ItemSpawner.cs using Guid(6c59b67bf8c3ad1458826086781aed2f) Importer(815301076,1909f56bfc062723c751e8b465ee728b) (PreviewImporter) -> (artifact id: '00000000000000000000000000000000') in 0.0016388 seconds
Import Error Code:(4)
Message: Build asset version error: assets/dream painting/scripts/itemspawner.cs in SourceAssetDB has modification time of '2026-04-25T11:33:03.3891025Z' while content on disk has modification time of '2026-04-25T11:33:19.1794973Z'
  ERROR: Build asset version error: assets/dream painting/scripts/itemspawner.cs in SourceAssetDB has modification time of '2026-04-25T11:33:03.3891025Z' while content on disk has modification time of '2026-04-25T11:33:19.1794973Z'
Number of updated asset objects reloaded before import = 0Number of asset objects unloaded after import = 0

========================================================================
Received Import Request.
  Time since last request: 0.000042 seconds.
  path: Assets/Dream Painting/Scripts/ItemSpawner.cs
  artifactKey: Guid(6c59b67bf8c3ad1458826086781aed2f) Importer(815301076,1909f56bfc062723c751e8b465ee728b)
Start importing Assets/Dream Painting/Scripts/ItemSpawner.cs using Guid(6c59b67bf8c3ad1458826086781aed2f) Importer(815301076,1909f56bfc062723c751e8b465ee728b) (PreviewImporter) -> (artifact id: '00000000000000000000000000000000') in 0.0015052 seconds
Import Error Code:(4)
Message: Build asset version error: assets/dream painting/scripts/itemspawner.cs in SourceAssetDB has modification time of '2026-04-25T11:33:03.3891025Z' while content on disk has modification time of '2026-04-25T11:33:19.1794973Z'
  ERROR: Build asset version error: assets/dream painting/scripts/itemspawner.cs in SourceAssetDB has modification time of '2026-04-25T11:33:03.3891025Z' while content on disk has modification time of '2026-04-25T11:33:19.1794973Z'
Number of updated asset objects reloaded before import = 0Number of asset objects unloaded after import = 0

========================================================================
Received Import Request.
  Time since last request: 0.000053 seconds.
  path: Assets/Dream Painting/Scripts/ItemSpawner.cs
  artifactKey: Guid(6c59b67bf8c3ad1458826086781aed2f) Importer(815301076,1909f56bfc062723c751e8b465ee728b)
Start importing Assets/Dream Painting/Scripts/ItemSpawner.cs using Guid(6c59b67bf8c3ad1458826086781aed2f) Importer(815301076,1909f56bfc062723c751e8b465ee728b) (PreviewImporter) -> (artifact id: '00000000000000000000000000000000') in 0.0015275 seconds
Import Error Code:(4)
Message: Build asset version error: assets/dream painting/scripts/itemspawner.cs in SourceAssetDB has modification time of '2026-04-25T11:33:03.3891025Z' while content on disk has modification time of '2026-04-25T11:33:19.1794973Z'
  ERROR: Build asset version error: assets/dream painting/scripts/itemspawner.cs in SourceAssetDB has modification time of '2026-04-25T11:33:03.3891025Z' while content on disk has modification time of '2026-04-25T11:33:19.1794973Z'
Number of updated asset objects reloaded before import = 0Number of asset objects unloaded after import = 0

========================================================================
Received Import Request.
  Time since last request: 0.000041 seconds.
  path: Assets/Dream Painting/Scripts/ItemSpawner.cs
  artifactKey: Guid(6c59b67bf8c3ad1458826086781aed2f) Importer(815301076,1909f56bfc062723c751e8b465ee728b)
Start importing Assets/Dream Painting/Scripts/ItemSpawner.cs using Guid(6c59b67bf8c3ad1458826086781aed2f) Importer(815301076,1909f56bfc062723c751e8b465ee728b) (PreviewImporter) -> (artifact id: '00000000000000000000000000000000') in 0.0009894 seconds
Import Error Code:(4)
Message: Build asset version error: assets/dream painting/scripts/itemspawner.cs in SourceAssetDB has modification time of '2026-04-25T11:33:03.3891025Z' while content on disk has modification time of '2026-04-25T11:33:19.1794973Z'
  ERROR: Build asset version error: assets/dream painting/scripts/itemspawner.cs in SourceAssetDB has modification time of '2026-04-25T11:33:03.3891025Z' while content on disk has modification time of '2026-04-25T11:33:19.1794973Z'
Number of updated asset objects reloaded before import = 0Number of asset objects unloaded after import = 0

========================================================================
Received Import Request.
  Time since last request: 0.000034 seconds.
  path: Assets/Dream Painting/Scripts/ItemSpawner.cs
  artifactKey: Guid(6c59b67bf8c3ad1458826086781aed2f) Importer(815301076,1909f56bfc062723c751e8b465ee728b)
Start importing Assets/Dream Painting/Scripts/ItemSpawner.cs using Guid(6c59b67bf8c3ad1458826086781aed2f) Importer(815301076,1909f56bfc062723c751e8b465ee728b) (PreviewImporter) -> (artifact id: '00000000000000000000000000000000') in 0.0011392 seconds
Import Error Code:(4)
Message: Build asset version error: assets/dream painting/scripts/itemspawner.cs in SourceAssetDB has modification time of '2026-04-25T11:33:03.3891025Z' while content on disk has modification time of '2026-04-25T11:33:19.1794973Z'
  ERROR: Build asset version error: assets/dream painting/scripts/itemspawner.cs in SourceAssetDB has modification time of '2026-04-25T11:33:03.3891025Z' while content on disk has modification time of '2026-04-25T11:33:19.1794973Z'
Number of updated asset objects reloaded before import = 0Number of asset objects unloaded after import = 0

========================================================================
Received Import Request.
  Time since last request: 0.000049 seconds.
  path: Assets/Dream Painting/Scripts/ItemSpawner.cs
  artifactKey: Guid(6c59b67bf8c3ad1458826086781aed2f) Importer(815301076,1909f56bfc062723c751e8b465ee728b)
Start importing Assets/Dream Painting/Scripts/ItemSpawner.cs using Guid(6c59b67bf8c3ad1458826086781aed2f) Importer(815301076,1909f56bfc062723c751e8b465ee728b) (PreviewImporter) -> (artifact id: '00000000000000000000000000000000') in 0.0011805 seconds
Import Error Code:(4)
Message: Build asset version error: assets/dream painting/scripts/itemspawner.cs in SourceAssetDB has modification time of '2026-04-25T11:33:03.3891025Z' while content on disk has modification time of '2026-04-25T11:33:19.1794973Z'
  ERROR: Build asset version error: assets/dream painting/scripts/itemspawner.cs in SourceAssetDB has modification time of '2026-04-25T11:33:03.3891025Z' while content on disk has modification time of '2026-04-25T11:33:19.1794973Z'
Number of updated asset objects reloaded before import = 0Number of asset objects unloaded after import = 0

========================================================================
Received Import Request.
  Time since last request: 0.000047 seconds.
  path: Assets/Dream Painting/Scripts/ItemSpawner.cs
  artifactKey: Guid(6c59b67bf8c3ad1458826086781aed2f) Importer(815301076,1909f56bfc062723c751e8b465ee728b)
Start importing Assets/Dream Painting/Scripts/ItemSpawner.cs using Guid(6c59b67bf8c3ad1458826086781aed2f) Importer(815301076,1909f56bfc062723c751e8b465ee728b) (PreviewImporter) -> (artifact id: '00000000000000000000000000000000') in 0.0012051 seconds
Import Error Code:(4)
Message: Build asset version error: assets/dream painting/scripts/itemspawner.cs in SourceAssetDB has modification time of '2026-04-25T11:33:03.3891025Z' while content on disk has modification time of '2026-04-25T11:33:19.1794973Z'
  ERROR: Build asset version error: assets/dream painting/scripts/itemspawner.cs in SourceAssetDB has modification time of '2026-04-25T11:33:03.3891025Z' while content on disk has modification time of '2026-04-25T11:33:19.1794973Z'
Number of updated asset objects reloaded before import = 0Number of asset objects unloaded after import = 0

========================================================================
Received Import Request.
  Time since last request: 0.000047 seconds.
  path: Assets/Dream Painting/Scripts/ItemSpawner.cs
  artifactKey: Guid(6c59b67bf8c3ad1458826086781aed2f) Importer(815301076,1909f56bfc062723c751e8b465ee728b)
Start importing Assets/Dream Painting/Scripts/ItemSpawner.cs using Guid(6c59b67bf8c3ad1458826086781aed2f) Importer(815301076,1909f56bfc062723c751e8b465ee728b) (PreviewImporter) -> (artifact id: '00000000000000000000000000000000') in 0.0016476 seconds
Import Error Code:(4)
Message: Build asset version error: assets/dream painting/scripts/itemspawner.cs in SourceAssetDB has modification time of '2026-04-25T11:33:03.3891025Z' while content on disk has modification time of '2026-04-25T11:33:19.1794973Z'
  ERROR: Build asset version error: assets/dream painting/scripts/itemspawner.cs in SourceAssetDB has modification time of '2026-04-25T11:33:03.3891025Z' while content on disk has modification time of '2026-04-25T11:33:19.1794973Z'
Number of updated asset objects reloaded before import = 0Number of asset objects unloaded after import = 0

========================================================================
Received Import Request.
  Time since last request: 0.000049 seconds.
  path: Assets/Dream Painting/Scripts/ItemSpawner.cs
  artifactKey: Guid(6c59b67bf8c3ad1458826086781aed2f) Importer(815301076,1909f56bfc062723c751e8b465ee728b)
Start importing Assets/Dream Painting/Scripts/ItemSpawner.cs using Guid(6c59b67bf8c3ad1458826086781aed2f) Importer(815301076,1909f56bfc062723c751e8b465ee728b) (PreviewImporter) -> (artifact id: '00000000000000000000000000000000') in 0.0011554 seconds
Import Error Code:(4)
Message: Build asset version error: assets/dream painting/scripts/itemspawner.cs in SourceAssetDB has modification time of '2026-04-25T11:33:03.3891025Z' while content on disk has modification time of '2026-04-25T11:33:19.1794973Z'
  ERROR: Build asset version error: assets/dream painting/scripts/itemspawner.cs in SourceAssetDB has modification time of '2026-04-25T11:33:03.3891025Z' while content on disk has modification time of '2026-04-25T11:33:19.1794973Z'
Number of updated asset objects reloaded before import = 0Number of asset objects unloaded after import = 0

========================================================================
Received Import Request.
  Time since last request: 0.000037 seconds.
  path: Assets/Dream Painting/Scripts/ItemSpawner.cs
  artifactKey: Guid(6c59b67bf8c3ad1458826086781aed2f) Importer(815301076,1909f56bfc062723c751e8b465ee728b)
Start importing Assets/Dream Painting/Scripts/ItemSpawner.cs using Guid(6c59b67bf8c3ad1458826086781aed2f) Importer(815301076,1909f56bfc062723c751e8b465ee728b) (PreviewImporter) -> (artifact id: '00000000000000000000000000000000') in 0.0015339 seconds
Import Error Code:(4)
Message: Build asset version error: assets/dream painting/scripts/itemspawner.cs in SourceAssetDB has modification time of '2026-04-25T11:33:03.3891025Z' while content on disk has modification time of '2026-04-25T11:33:19.1794973Z'
  ERROR: Build asset version error: assets/dream painting/scripts/itemspawner.cs in SourceAssetDB has modification time of '2026-04-25T11:33:03.3891025Z' while content on disk has modification time of '2026-04-25T11:33:19.1794973Z'
Number of updated asset objects reloaded before import = 0Number of asset objects unloaded after import = 0

========================================================================
Received Import Request.
  Time since last request: 0.000343 seconds.
  path: Assets/Dream Painting/Scripts/ItemSpawner.cs
  artifactKey: Guid(6c59b67bf8c3ad1458826086781aed2f) Importer(815301076,1909f56bfc062723c751e8b465ee728b)
Start importing Assets/Dream Painting/Scripts/ItemSpawner.cs using Guid(6c59b67bf8c3ad1458826086781aed2f) Importer(815301076,1909f56bfc062723c751e8b465ee728b) (PreviewImporter) -> (artifact id: '00000000000000000000000000000000') in 0.0009478 seconds
Import Error Code:(4)
Message: Build asset version error: assets/dream painting/scripts/itemspawner.cs in SourceAssetDB has modification time of '2026-04-25T11:33:03.3891025Z' while content on disk has modification time of '2026-04-25T11:33:19.1794973Z'
  ERROR: Build asset version error: assets/dream painting/scripts/itemspawner.cs in SourceAssetDB has modification time of '2026-04-25T11:33:03.3891025Z' while content on disk has modification time of '2026-04-25T11:33:19.1794973Z'
Number of updated asset objects reloaded before import = 0Number of asset objects unloaded after import = 0

========================================================================
Received Import Request.
  Time since last request: 0.000038 seconds.
  path: Assets/Dream Painting/Scripts/ItemSpawner.cs
  artifactKey: Guid(6c59b67bf8c3ad1458826086781aed2f) Importer(815301076,1909f56bfc062723c751e8b465ee728b)
Start importing Assets/Dream Painting/Scripts/ItemSpawner.cs using Guid(6c59b67bf8c3ad1458826086781aed2f) Importer(815301076,1909f56bfc062723c751e8b465ee728b) (PreviewImporter) -> (artifact id: '00000000000000000000000000000000') in 0.0015502 seconds
Import Error Code:(4)
Message: Build asset version error: assets/dream painting/scripts/itemspawner.cs in SourceAssetDB has modification time of '2026-04-25T11:33:03.3891025Z' while content on disk has modification time of '2026-04-25T11:33:19.1794973Z'
  ERROR: Build asset version error: assets/dream painting/scripts/itemspawner.cs in SourceAssetDB has modification time of '2026-04-25T11:33:03.3891025Z' while content on disk has modification time of '2026-04-25T11:33:19.1794973Z'
Number of updated asset objects reloaded before import = 0Number of asset objects unloaded after import = 0

========================================================================
Received Import Request.
  Time since last request: 0.000071 seconds.
  path: Assets/Dream Painting/Scripts/ItemSpawner.cs
  artifactKey: Guid(6c59b67bf8c3ad1458826086781aed2f) Importer(815301076,1909f56bfc062723c751e8b465ee728b)
Start importing Assets/Dream Painting/Scripts/ItemSpawner.cs using Guid(6c59b67bf8c3ad1458826086781aed2f) Importer(815301076,1909f56bfc062723c751e8b465ee728b) (PreviewImporter) -> (artifact id: '00000000000000000000000000000000') in 0.0010262 seconds
Import Error Code:(4)
Message: Build asset version error: assets/dream painting/scripts/itemspawner.cs in SourceAssetDB has modification time of '2026-04-25T11:33:03.3891025Z' while content on disk has modification time of '2026-04-25T11:33:19.1794973Z'
  ERROR: Build asset version error: assets/dream painting/scripts/itemspawner.cs in SourceAssetDB has modification time of '2026-04-25T11:33:03.3891025Z' while content on disk has modification time of '2026-04-25T11:33:19.1794973Z'
Number of updated asset objects reloaded before import = 0Number of asset objects unloaded after import = 0

========================================================================
Received Import Request.
  Time since last request: 0.000023 seconds.
  path: Assets/Dream Painting/Scripts/ItemSpawner.cs
  artifactKey: Guid(6c59b67bf8c3ad1458826086781aed2f) Importer(815301076,1909f56bfc062723c751e8b465ee728b)
Start importing Assets/Dream Painting/Scripts/ItemSpawner.cs using Guid(6c59b67bf8c3ad1458826086781aed2f) Importer(815301076,1909f56bfc062723c751e8b465ee728b) (PreviewImporter) -> (artifact id: '00000000000000000000000000000000') in 0.0012678 seconds
Import Error Code:(4)
Message: Build asset version error: assets/dream painting/scripts/itemspawner.cs in SourceAssetDB has modification time of '2026-04-25T11:33:03.3891025Z' while content on disk has modification time of '2026-04-25T11:33:19.1794973Z'
  ERROR: Build asset version error: assets/dream painting/scripts/itemspawner.cs in SourceAssetDB has modification time of '2026-04-25T11:33:03.3891025Z' while content on disk has modification time of '2026-04-25T11:33:19.1794973Z'
Number of updated asset objects reloaded before import = 0Number of asset objects unloaded after import = 0

========================================================================
Received Import Request.
  Time since last request: 0.000034 seconds.
  path: Assets/Dream Painting/Scripts/ItemSpawner.cs
  artifactKey: Guid(6c59b67bf8c3ad1458826086781aed2f) Importer(815301076,1909f56bfc062723c751e8b465ee728b)
Start importing Assets/Dream Painting/Scripts/ItemSpawner.cs using Guid(6c59b67bf8c3ad1458826086781aed2f) Importer(815301076,1909f56bfc062723c751e8b465ee728b) (PreviewImporter) -> (artifact id: '00000000000000000000000000000000') in 0.0009524 seconds
Import Error Code:(4)
Message: Build asset version error: assets/dream painting/scripts/itemspawner.cs in SourceAssetDB has modification time of '2026-04-25T11:33:03.3891025Z' while content on disk has modification time of '2026-04-25T11:33:19.1794973Z'
  ERROR: Build asset version error: assets/dream painting/scripts/itemspawner.cs in SourceAssetDB has modification time of '2026-04-25T11:33:03.3891025Z' while content on disk has modification time of '2026-04-25T11:33:19.1794973Z'
Number of updated asset objects reloaded before import = 0Number of asset objects unloaded after import = 0

========================================================================
Received Import Request.
  Time since last request: 0.000054 seconds.
  path: Assets/Dream Painting/Scripts/ItemSpawner.cs
  artifactKey: Guid(6c59b67bf8c3ad1458826086781aed2f) Importer(815301076,1909f56bfc062723c751e8b465ee728b)
Start importing Assets/Dream Painting/Scripts/ItemSpawner.cs using Guid(6c59b67bf8c3ad1458826086781aed2f) Importer(815301076,1909f56bfc062723c751e8b465ee728b) (PreviewImporter) -> (artifact id: '00000000000000000000000000000000') in 0.0010122 seconds
Import Error Code:(4)
Message: Build asset version error: assets/dream painting/scripts/itemspawner.cs in SourceAssetDB has modification time of '2026-04-25T11:33:03.3891025Z' while content on disk has modification time of '2026-04-25T11:33:19.1794973Z'
  ERROR: Build asset version error: assets/dream painting/scripts/itemspawner.cs in SourceAssetDB has modification time of '2026-04-25T11:33:03.3891025Z' while content on disk has modification time of '2026-04-25T11:33:19.1794973Z'
Number of updated asset objects reloaded before import = 0Number of asset objects unloaded after import = 0

========================================================================
Received Import Request.
  Time since last request: 0.000084 seconds.
  path: Assets/Dream Painting/Scripts/ItemSpawner.cs
  artifactKey: Guid(6c59b67bf8c3ad1458826086781aed2f) Importer(815301076,1909f56bfc062723c751e8b465ee728b)
Start importing Assets/Dream Painting/Scripts/ItemSpawner.cs using Guid(6c59b67bf8c3ad1458826086781aed2f) Importer(815301076,1909f56bfc062723c751e8b465ee728b) (PreviewImporter) -> (artifact id: '00000000000000000000000000000000') in 0.0013631 seconds
Import Error Code:(4)
Message: Build asset version error: assets/dream painting/scripts/itemspawner.cs in SourceAssetDB has modification time of '2026-04-25T11:33:03.3891025Z' while content on disk has modification time of '2026-04-25T11:33:19.1794973Z'
  ERROR: Build asset version error: assets/dream painting/scripts/itemspawner.cs in SourceAssetDB has modification time of '2026-04-25T11:33:03.3891025Z' while content on disk has modification time of '2026-04-25T11:33:19.1794973Z'
Number of updated asset objects reloaded before import = 0Number of asset objects unloaded after import = 0

========================================================================
Received Import Request.
  Time since last request: 0.000039 seconds.
  path: Assets/Dream Painting/Scripts/ItemSpawner.cs
  artifactKey: Guid(6c59b67bf8c3ad1458826086781aed2f) Importer(815301076,1909f56bfc062723c751e8b465ee728b)
Start importing Assets/Dream Painting/Scripts/ItemSpawner.cs using Guid(6c59b67bf8c3ad1458826086781aed2f) Importer(815301076,1909f56bfc062723c751e8b465ee728b) (PreviewImporter) -> (artifact id: '00000000000000000000000000000000') in 0.00107 seconds
Import Error Code:(4)
Message: Build asset version error: assets/dream painting/scripts/itemspawner.cs in SourceAssetDB has modification time of '2026-04-25T11:33:03.3891025Z' while content on disk has modification time of '2026-04-25T11:33:19.1794973Z'
  ERROR: Build asset version error: assets/dream painting/scripts/itemspawner.cs in SourceAssetDB has modification time of '2026-04-25T11:33:03.3891025Z' while content on disk has modification time of '2026-04-25T11:33:19.1794973Z'
Number of updated asset objects reloaded before import = 0Number of asset objects unloaded after import = 0

========================================================================
Received Import Request.
  Time since last request: 0.000058 seconds.
  path: Assets/Dream Painting/Scripts/ItemSpawner.cs
  artifactKey: Guid(6c59b67bf8c3ad1458826086781aed2f) Importer(815301076,1909f56bfc062723c751e8b465ee728b)
Start importing Assets/Dream Painting/Scripts/ItemSpawner.cs using Guid(6c59b67bf8c3ad1458826086781aed2f) Importer(815301076,1909f56bfc062723c751e8b465ee728b) (PreviewImporter) -> (artifact id: '00000000000000000000000000000000') in 0.001144 seconds
Import Error Code:(4)
Message: Build asset version error: assets/dream painting/scripts/itemspawner.cs in SourceAssetDB has modification time of '2026-04-25T11:33:03.3891025Z' while content on disk has modification time of '2026-04-25T11:33:19.1794973Z'
  ERROR: Build asset version error: assets/dream painting/scripts/itemspawner.cs in SourceAssetDB has modification time of '2026-04-25T11:33:03.3891025Z' while content on disk has modification time of '2026-04-25T11:33:19.1794973Z'
Number of updated asset objects reloaded before import = 0Number of asset objects unloaded after import = 0

========================================================================
Received Import Request.
  Time since last request: 0.000035 seconds.
  path: Assets/Dream Painting/Scripts/ItemSpawner.cs
  artifactKey: Guid(6c59b67bf8c3ad1458826086781aed2f) Importer(815301076,1909f56bfc062723c751e8b465ee728b)
Start importing Assets/Dream Painting/Scripts/ItemSpawner.cs using Guid(6c59b67bf8c3ad1458826086781aed2f) Importer(815301076,1909f56bfc062723c751e8b465ee728b) (PreviewImporter) -> (artifact id: '00000000000000000000000000000000') in 0.0011932 seconds
Import Error Code:(4)
Message: Build asset version error: assets/dream painting/scripts/itemspawner.cs in SourceAssetDB has modification time of '2026-04-25T11:33:03.3891025Z' while content on disk has modification time of '2026-04-25T11:33:19.1794973Z'
  ERROR: Build asset version error: assets/dream painting/scripts/itemspawner.cs in SourceAssetDB has modification time of '2026-04-25T11:33:03.3891025Z' while content on disk has modification time of '2026-04-25T11:33:19.1794973Z'
Number of updated asset objects reloaded before import = 0Number of asset objects unloaded after import = 0

========================================================================
Received Import Request.
  Time since last request: 0.000049 seconds.
  path: Assets/Dream Painting/Scripts/ItemSpawner.cs
  artifactKey: Guid(6c59b67bf8c3ad1458826086781aed2f) Importer(815301076,1909f56bfc062723c751e8b465ee728b)
Start importing Assets/Dream Painting/Scripts/ItemSpawner.cs using Guid(6c59b67bf8c3ad1458826086781aed2f) Importer(815301076,1909f56bfc062723c751e8b465ee728b) (PreviewImporter) -> (artifact id: '00000000000000000000000000000000') in 0.0013734 seconds
Import Error Code:(4)
Message: Build asset version error: assets/dream painting/scripts/itemspawner.cs in SourceAssetDB has modification time of '2026-04-25T11:33:03.3891025Z' while content on disk has modification time of '2026-04-25T11:33:19.1794973Z'
  ERROR: Build asset version error: assets/dream painting/scripts/itemspawner.cs in SourceAssetDB has modification time of '2026-04-25T11:33:03.3891025Z' while content on disk has modification time of '2026-04-25T11:33:19.1794973Z'
Number of updated asset objects reloaded before import = 0Number of asset objects unloaded after import = 0

========================================================================
Received Import Request.
  Time since last request: 0.000042 seconds.
  path: Assets/Dream Painting/Scripts/ItemSpawner.cs
  artifactKey: Guid(6c59b67bf8c3ad1458826086781aed2f) Importer(815301076,1909f56bfc062723c751e8b465ee728b)
Start importing Assets/Dream Painting/Scripts/ItemSpawner.cs using Guid(6c59b67bf8c3ad1458826086781aed2f) Importer(815301076,1909f56bfc062723c751e8b465ee728b) (PreviewImporter) -> (artifact id: '00000000000000000000000000000000') in 0.0009683 seconds
Import Error Code:(4)
Message: Build asset version error: assets/dream painting/scripts/itemspawner.cs in SourceAssetDB has modification time of '2026-04-25T11:33:03.3891025Z' while content on disk has modification time of '2026-04-25T11:33:19.1794973Z'
  ERROR: Build asset version error: assets/dream painting/scripts/itemspawner.cs in SourceAssetDB has modification time of '2026-04-25T11:33:03.3891025Z' while content on disk has modification time of '2026-04-25T11:33:19.1794973Z'
Number of updated asset objects reloaded before import = 0Number of asset objects unloaded after import = 0

========================================================================
Received Import Request.
  Time since last request: 0.000047 seconds.
  path: Assets/Dream Painting/Scripts/ItemSpawner.cs
  artifactKey: Guid(6c59b67bf8c3ad1458826086781aed2f) Importer(815301076,1909f56bfc062723c751e8b465ee728b)
Start importing Assets/Dream Painting/Scripts/ItemSpawner.cs using Guid(6c59b67bf8c3ad1458826086781aed2f) Importer(815301076,1909f56bfc062723c751e8b465ee728b) (PreviewImporter) -> (artifact id: '00000000000000000000000000000000') in 0.0010434 seconds
Import Error Code:(4)
Message: Build asset version error: assets/dream painting/scripts/itemspawner.cs in SourceAssetDB has modification time of '2026-04-25T11:33:03.3891025Z' while content on disk has modification time of '2026-04-25T11:33:19.1794973Z'
  ERROR: Build asset version error: assets/dream painting/scripts/itemspawner.cs in SourceAssetDB has modification time of '2026-04-25T11:33:03.3891025Z' while content on disk has modification time of '2026-04-25T11:33:19.1794973Z'
Number of updated asset objects reloaded before import = 0Number of asset objects unloaded after import = 0

========================================================================
Received Import Request.
  Time since last request: 0.000046 seconds.
  path: Assets/Dream Painting/Scripts/ItemSpawner.cs
  artifactKey: Guid(6c59b67bf8c3ad1458826086781aed2f) Importer(815301076,1909f56bfc062723c751e8b465ee728b)
Start importing Assets/Dream Painting/Scripts/ItemSpawner.cs using Guid(6c59b67bf8c3ad1458826086781aed2f) Importer(815301076,1909f56bfc062723c751e8b465ee728b) (PreviewImporter) -> (artifact id: '00000000000000000000000000000000') in 0.0010853 seconds
Import Error Code:(4)
Message: Build asset version error: assets/dream painting/scripts/itemspawner.cs in SourceAssetDB has modification time of '2026-04-25T11:33:03.3891025Z' while content on disk has modification time of '2026-04-25T11:33:19.1794973Z'
  ERROR: Build asset version error: assets/dream painting/scripts/itemspawner.cs in SourceAssetDB has modification time of '2026-04-25T11:33:03.3891025Z' while content on disk has modification time of '2026-04-25T11:33:19.1794973Z'
Number of updated asset objects reloaded before import = 0Number of asset objects unloaded after import = 0

========================================================================
Received Import Request.
  Time since last request: 0.000042 seconds.
  path: Assets/Dream Painting/Scripts/ItemSpawner.cs
  artifactKey: Guid(6c59b67bf8c3ad1458826086781aed2f) Importer(815301076,1909f56bfc062723c751e8b465ee728b)
Start importing Assets/Dream Painting/Scripts/ItemSpawner.cs using Guid(6c59b67bf8c3ad1458826086781aed2f) Importer(815301076,1909f56bfc062723c751e8b465ee728b) (PreviewImporter) -> (artifact id: '00000000000000000000000000000000') in 0.0010644 seconds
Import Error Code:(4)
Message: Build asset version error: assets/dream painting/scripts/itemspawner.cs in SourceAssetDB has modification time of '2026-04-25T11:33:03.3891025Z' while content on disk has modification time of '2026-04-25T11:33:19.1794973Z'
  ERROR: Build asset version error: assets/dream painting/scripts/itemspawner.cs in SourceAssetDB has modification time of '2026-04-25T11:33:03.3891025Z' while content on disk has modification time of '2026-04-25T11:33:19.1794973Z'
Number of updated asset objects reloaded before import = 0Number of asset objects unloaded after import = 0

========================================================================
Received Import Request.
  Time since last request: 0.000034 seconds.
  path: Assets/Dream Painting/Scripts/ItemSpawner.cs
  artifactKey: Guid(6c59b67bf8c3ad1458826086781aed2f) Importer(815301076,1909f56bfc062723c751e8b465ee728b)
Start importing Assets/Dream Painting/Scripts/ItemSpawner.cs using Guid(6c59b67bf8c3ad1458826086781aed2f) Importer(815301076,1909f56bfc062723c751e8b465ee728b) (PreviewImporter) -> (artifact id: '00000000000000000000000000000000') in 0.001353 seconds
Import Error Code:(4)
Message: Build asset version error: assets/dream painting/scripts/itemspawner.cs in SourceAssetDB has modification time of '2026-04-25T11:33:03.3891025Z' while content on disk has modification time of '2026-04-25T11:33:19.1794973Z'
  ERROR: Build asset version error: assets/dream painting/scripts/itemspawner.cs in SourceAssetDB has modification time of '2026-04-25T11:33:03.3891025Z' while content on disk has modification time of '2026-04-25T11:33:19.1794973Z'
Number of updated asset objects reloaded before import = 0Number of asset objects unloaded after import = 0

========================================================================
Received Import Request.
  Time since last request: 0.000037 seconds.
  path: Assets/Dream Painting/Scripts/ItemSpawner.cs
  artifactKey: Guid(6c59b67bf8c3ad1458826086781aed2f) Importer(815301076,1909f56bfc062723c751e8b465ee728b)
Start importing Assets/Dream Painting/Scripts/ItemSpawner.cs using Guid(6c59b67bf8c3ad1458826086781aed2f) Importer(815301076,1909f56bfc062723c751e8b465ee728b) (PreviewImporter) -> (artifact id: '00000000000000000000000000000000') in 0.0008714 seconds
Import Error Code:(4)
Message: Build asset version error: assets/dream painting/scripts/itemspawner.cs in SourceAssetDB has modification time of '2026-04-25T11:33:03.3891025Z' while content on disk has modification time of '2026-04-25T11:33:19.1794973Z'
  ERROR: Build asset version error: assets/dream painting/scripts/itemspawner.cs in SourceAssetDB has modification time of '2026-04-25T11:33:03.3891025Z' while content on disk has modification time of '2026-04-25T11:33:19.1794973Z'
Number of updated asset objects reloaded before import = 0Number of asset objects unloaded after import = 0

========================================================================
Received Import Request.
  Time since last request: 0.000037 seconds.
  path: Assets/Dream Painting/Scripts/ItemSpawner.cs
  artifactKey: Guid(6c59b67bf8c3ad1458826086781aed2f) Importer(815301076,1909f56bfc062723c751e8b465ee728b)
Start importing Assets/Dream Painting/Scripts/ItemSpawner.cs using Guid(6c59b67bf8c3ad1458826086781aed2f) Importer(815301076,1909f56bfc062723c751e8b465ee728b) (PreviewImporter) -> (artifact id: '04bd757cb096b9cbfa5cdeb49ceeeea9') in 0.0008906 seconds
Number of updated asset objects reloaded before import = 0Number of asset objects unloaded after import = 0

========================================================================
Received Prepare
Begin MonoManager ReloadAssembly
Symbol file LoadedFromMemory is not a mono symbol file
- Loaded All Assemblies, in  2.215 seconds
Refreshing native plugins compatible for Editor in 13.19 ms, found 3 plugins.
Native extension for WindowsStandalone target not found
Native extension for WebGL target not found
[Package Manager] Failed to launch server process. Reason: Unity was launched with the -noUpm command-line argument
[Package Manager] Unable to send message (not connected to server process).
[Package Manager] Cannot connect to Unity Package Manager local server
ScheduleIndexationOnStartup MainProcess:False IndexOnStartup:True
Mono: successfully reloaded assembly
- Finished resetting the current domain, in  1.831 seconds
Domain Reload Profiling: 4035ms
	BeginReloadAssembly (452ms)
		ExecutionOrderSort (0ms)
		DisableScriptedObjects (14ms)
		BackupInstance (0ms)
		ReleaseScriptingObjects (0ms)
		CreateAndSetChildDomain (128ms)
	RebuildCommonClasses (67ms)
	RebuildNativeTypeToScriptingClass (24ms)
	initialDomainReloadingComplete (66ms)
	LoadAllAssembliesAndSetupDomain (1595ms)
		LoadAssemblies (1182ms)
		RebuildTransferFunctionScriptingTraits (0ms)
		AnalyzeDomain (602ms)
			TypeCache.Refresh (27ms)
				TypeCache.ScanAssembly (1ms)
			BuildScriptInfoCaches (543ms)
			ResolveRequiredComponents (22ms)
	FinalizeReload (1832ms)
		ReleaseScriptCaches (0ms)
		RebuildScriptCaches (0ms)
		SetupLoadedEditorAssemblies (1471ms)
			LogAssemblyErrors (0ms)
			InitializePlatformSupportModulesInManaged (5ms)
			SetLoadedEditorAssemblies (10ms)
			BeforeProcessingInitializeOnLoad (313ms)
			ProcessInitializeOnLoadAttributes (602ms)
			ProcessInitializeOnLoadMethodAttributes (521ms)
			AfterProcessingInitializeOnLoad (19ms)
			EditorAssembliesLoaded (1ms)
		ExecutionOrderSort2 (0ms)
		AwakeInstancesAfterBackupRestoration (33ms)
Refreshing native plugins compatible for Editor in 17.72 ms, found 3 plugins.
Preloading 0 native plugins for Editor in 0.00 ms.
Unloading 6 Unused Serialized files (Serialized files now loaded: 0)
Unloading 8559 unused Assets / (5.6 MB). Loaded Objects now: 9615.
Memory consumption went from 230.8 MB to 225.2 MB.
Total: 39.534700 ms (FindLiveObjects: 3.048200 ms CreateObjectMapping: 4.013400 ms MarkObjects: 24.417200 ms  DeleteObjects: 8.052200 ms)

Prepare: number of updated asset objects reloaded= 0
========================================================================
Received Import Request.
  Time since last request: 14.580083 seconds.
  path: Assets/Dream Painting/Scripts/ItemSpawner.cs
  artifactKey: Guid(6c59b67bf8c3ad1458826086781aed2f) Importer(815301076,1909f56bfc062723c751e8b465ee728b)
Start importing Assets/Dream Painting/Scripts/ItemSpawner.cs using Guid(6c59b67bf8c3ad1458826086781aed2f) Importer(815301076,1909f56bfc062723c751e8b465ee728b) (PreviewImporter) -> (artifact id: 'ddbf9d269cd47b58f6d18f8fa0b5744d') in 0.0052014 seconds
Number of updated asset objects reloaded before import = 0Number of asset objects unloaded after import = 0

========================================================================
Received Import Request.
  Time since last request: 86.036780 seconds.
  path: Assets/Dream Painting/Scripts/ItemSpawner.cs
  artifactKey: Guid(6c59b67bf8c3ad1458826086781aed2f) Importer(2089858483,b0f066a214c2f5e87bad3c948f4d605d)
Start importing Assets/Dream Painting/Scripts/ItemSpawner.cs using Guid(6c59b67bf8c3ad1458826086781aed2f) Importer(2089858483,b0f066a214c2f5e87bad3c948f4d605d) (ScriptedImporter) -> (artifact id: '24695d02bc7ec8830056f42afdf7abac') in 0.1066878 seconds
Number of updated asset objects reloaded before import = 0Number of asset objects unloaded after import = 0

========================================================================
Received Import Request.
  Time since last request: 93.605809 seconds.
  path: Assets/Dream Painting/Materials/Revealing Shadder.urtshader
  artifactKey: Guid(d76530a656bb27d47a8034f3b516f000) Importer(2089858483,b0f066a214c2f5e87bad3c948f4d605d)
Start importing Assets/Dream Painting/Materials/Revealing Shadder.urtshader using Guid(d76530a656bb27d47a8034f3b516f000) Importer(2089858483,b0f066a214c2f5e87bad3c948f4d605d) (ScriptedImporter) -> (artifact id: '68b0d3fff3ec9aeb6bbaa5e0a2fdcffc') in 0.0328078 seconds
Number of updated asset objects reloaded before import = 0Number of asset objects unloaded after import = 2

========================================================================
Received Import Request.
  Time since last request: 0.000027 seconds.
  path: Assets/Dream Painting/Materials/Revealing Shadder.urtshader
  artifactKey: Guid(d76530a656bb27d47a8034f3b516f000) Importer(815301076,1909f56bfc062723c751e8b465ee728b)
Start importing Assets/Dream Painting/Materials/Revealing Shadder.urtshader using Guid(d76530a656bb27d47a8034f3b516f000) Importer(815301076,1909f56bfc062723c751e8b465ee728b) (PreviewImporter) -> (artifact id: '145152b301a5982454c1b232763364bf') in 0.0231843 seconds
Number of updated asset objects reloaded before import = 0Number of asset objects unloaded after import = 2

========================================================================
Received Prepare
Refreshing native plugins compatible for Editor in 36.45 ms, found 3 plugins.
Preloading 0 native plugins for Editor in 0.00 ms.
Unloading 6 Unused Serialized files (Serialized files now loaded: 0)
Unloading 8527 unused Assets / (5.0 MB). Loaded Objects now: 9617.
Memory consumption went from 230.9 MB to 225.9 MB.
Total: 68.720600 ms (FindLiveObjects: 3.436200 ms CreateObjectMapping: 11.325900 ms MarkObjects: 42.482000 ms  DeleteObjects: 11.472600 ms)

Prepare: number of updated asset objects reloaded= 0
========================================================================
Received Import Request.
  Time since last request: 26.803899 seconds.
  path: Assets/Dream Painting/Materials/ShadderScript.cs
  artifactKey: Guid(44eb70e39082d6e459091573a52c3f53) Importer(815301076,1909f56bfc062723c751e8b465ee728b)
Start importing Assets/Dream Painting/Materials/ShadderScript.cs using Guid(44eb70e39082d6e459091573a52c3f53) Importer(815301076,1909f56bfc062723c751e8b465ee728b) (PreviewImporter) -> (artifact id: 'd1f69456a89089b4626e4c07ff52e683') in 0.0018212 seconds
Number of updated asset objects reloaded before import = 0Number of asset objects unloaded after import = 0

========================================================================
Received Prepare
Begin MonoManager ReloadAssembly
[Licensing::Client] Successfully resolved entitlement details
Symbol file LoadedFromMemory is not a mono symbol file
- Loaded All Assemblies, in  7.794 seconds
Refreshing native plugins compatible for Editor in 16.85 ms, found 3 plugins.
Native extension for WindowsStandalone target not found
Native extension for WebGL target not found
[Package Manager] Failed to launch server process. Reason: Unity was launched with the -noUpm command-line argument
[Package Manager] Unable to send message (not connected to server process).
[Package Manager] Cannot connect to Unity Package Manager local server
ScheduleIndexationOnStartup MainProcess:False IndexOnStartup:True
Mono: successfully reloaded assembly
- Finished resetting the current domain, in  3.321 seconds
Domain Reload Profiling: 11023ms
	BeginReloadAssembly (801ms)
		ExecutionOrderSort (0ms)
		DisableScriptedObjects (10ms)
		BackupInstance (0ms)
		ReleaseScriptingObjects (0ms)
		CreateAndSetChildDomain (117ms)
	RebuildCommonClasses (210ms)
	RebuildNativeTypeToScriptingClass (21ms)
	initialDomainReloadingComplete (72ms)
	LoadAllAssembliesAndSetupDomain (6597ms)
		LoadAssemblies (6063ms)
		RebuildTransferFunctionScriptingTraits (0ms)
		AnalyzeDomain (1103ms)
			TypeCache.Refresh (19ms)
				TypeCache.ScanAssembly (0ms)
			BuildScriptInfoCaches (1059ms)
			ResolveRequiredComponents (15ms)
	FinalizeReload (3323ms)
		ReleaseScriptCaches (0ms)
		RebuildScriptCaches (0ms)
		SetupLoadedEditorAssemblies (2568ms)
			LogAssemblyErrors (0ms)
			InitializePlatformSupportModulesInManaged (7ms)
			SetLoadedEditorAssemblies (17ms)
			BeforeProcessingInitializeOnLoad (440ms)
			ProcessInitializeOnLoadAttributes (875ms)
			ProcessInitializeOnLoadMethodAttributes (1159ms)
			AfterProcessingInitializeOnLoad (68ms)
			EditorAssembliesLoaded (1ms)
		ExecutionOrderSort2 (0ms)
		AwakeInstancesAfterBackupRestoration (110ms)
Refreshing native plugins compatible for Editor in 12.76 ms, found 3 plugins.
Preloading 0 native plugins for Editor in 0.00 ms.
Unloading 6 Unused Serialized files (Serialized files now loaded: 0)
Unloading 8560 unused Assets / (5.2 MB). Loaded Objects now: 9620.
Memory consumption went from 230.9 MB to 225.7 MB.
Total: 30.942400 ms (FindLiveObjects: 2.028300 ms CreateObjectMapping: 1.711200 ms MarkObjects: 20.109700 ms  DeleteObjects: 7.090300 ms)

Prepare: number of updated asset objects reloaded= 0
========================================================================
Received Prepare
Refreshing native plugins compatible for Editor in 14.25 ms, found 3 plugins.
Preloading 0 native plugins for Editor in 0.00 ms.
Unloading 6 Unused Serialized files (Serialized files now loaded: 0)
Unloading 8527 unused Assets / (4.4 MB). Loaded Objects now: 9620.
Memory consumption went from 230.9 MB to 226.5 MB.
Total: 23.294800 ms (FindLiveObjects: 1.827600 ms CreateObjectMapping: 1.712700 ms MarkObjects: 15.447500 ms  DeleteObjects: 4.304600 ms)

Prepare: number of updated asset objects reloaded= 0
========================================================================
Received Import Request.
  Time since last request: 58.076209 seconds.
  path: Assets/Dream Painting/Materials/ShadderScript.cs
  artifactKey: Guid(44eb70e39082d6e459091573a52c3f53) Importer(815301076,1909f56bfc062723c751e8b465ee728b)
Start importing Assets/Dream Painting/Materials/ShadderScript.cs using Guid(44eb70e39082d6e459091573a52c3f53) Importer(815301076,1909f56bfc062723c751e8b465ee728b) (PreviewImporter) -> (artifact id: '811b15b87388045c26d947f227d2806a') in 0.0036056 seconds
Number of updated asset objects reloaded before import = 0Number of asset objects unloaded after import = 0

========================================================================
Received Import Request.
  Time since last request: 289.212013 seconds.
  path: Assets/Dream Painting/Materials/ShadderScript.cs
  artifactKey: Guid(44eb70e39082d6e459091573a52c3f53) Importer(2089858483,b0f066a214c2f5e87bad3c948f4d605d)
Start importing Assets/Dream Painting/Materials/ShadderScript.cs using Guid(44eb70e39082d6e459091573a52c3f53) Importer(2089858483,b0f066a214c2f5e87bad3c948f4d605d) (ScriptedImporter) -> (artifact id: '5fecd525999af18427ece2f3542bb63f') in 0.1300144 seconds
Number of updated asset objects reloaded before import = 0Number of asset objects unloaded after import = 0

========================================================================
Received Import Request.
  Time since last request: 191.882894 seconds.
  path: Assets/Dream Painting/Materials/New Renderers CustomPass.shader
  artifactKey: Guid(6643f590542dbec44b4395eb064ac50e) Importer(815301076,1909f56bfc062723c751e8b465ee728b)
Start importing Assets/Dream Painting/Materials/New Renderers CustomPass.shader using Guid(6643f590542dbec44b4395eb064ac50e) Importer(815301076,1909f56bfc062723c751e8b465ee728b) (PreviewImporter) -> (artifact id: 'a78d33c993909ad23ca316de08791f23') in 0.0521768 seconds
Number of updated asset objects reloaded before import = 0Number of asset objects unloaded after import = 1

========================================================================
Received Import Request.
  Time since last request: 0.000044 seconds.
  path: Assets/Dream Painting/Materials/New Renderers CustomPass.shader
  artifactKey: Guid(6643f590542dbec44b4395eb064ac50e) Importer(2089858483,b0f066a214c2f5e87bad3c948f4d605d)
Start importing Assets/Dream Painting/Materials/New Renderers CustomPass.shader using Guid(6643f590542dbec44b4395eb064ac50e) Importer(2089858483,b0f066a214c2f5e87bad3c948f4d605d) (ScriptedImporter) -> (artifact id: '4c304ff813da08b332009ea82f78b20a') in 0.0532479 seconds
Number of updated asset objects reloaded before import = 0Number of asset objects unloaded after import = 1

========================================================================
Received Prepare
Refreshing native plugins compatible for Editor in 15.32 ms, found 3 plugins.
Preloading 0 native plugins for Editor in 0.00 ms.
Unloading 7 Unused Serialized files (Serialized files now loaded: 0)
Unloading 8528 unused Assets / (5.8 MB). Loaded Objects now: 9620.
Memory consumption went from 231.6 MB to 225.8 MB.
Total: 63.842200 ms (FindLiveObjects: 2.669600 ms CreateObjectMapping: 3.445300 ms MarkObjects: 51.108200 ms  DeleteObjects: 6.616100 ms)

Prepare: number of updated asset objects reloaded= 0
========================================================================
Received Import Request.
  Time since last request: 133.641717 seconds.
  path: Assets/Dream Painting/Scripts/ItemSpawner.cs
  artifactKey: Guid(6c59b67bf8c3ad1458826086781aed2f) Importer(2089858483,b0f066a214c2f5e87bad3c948f4d605d)
Start importing Assets/Dream Painting/Scripts/ItemSpawner.cs using Guid(6c59b67bf8c3ad1458826086781aed2f) Importer(2089858483,b0f066a214c2f5e87bad3c948f4d605d) (ScriptedImporter) -> (artifact id: '11bbcee7f6ab0f479c1a5af814a6c217') in 0.0185797 seconds
Number of updated asset objects reloaded before import = 0Number of asset objects unloaded after import = 0

========================================================================
Received Import Request.
  Time since last request: 5248.237266 seconds.
  path: Assets/Dream Painting/Scripts/ItemSpawner.cs
  artifactKey: Guid(6c59b67bf8c3ad1458826086781aed2f) Importer(815301076,1909f56bfc062723c751e8b465ee728b)
Start importing Assets/Dream Painting/Scripts/ItemSpawner.cs using Guid(6c59b67bf8c3ad1458826086781aed2f) Importer(815301076,1909f56bfc062723c751e8b465ee728b) (PreviewImporter) -> (artifact id: '18850ddc396a088f3aaa7adc9eb469c3') in 0.0178026 seconds
Number of updated asset objects reloaded before import = 0Number of asset objects unloaded after import = 0

========================================================================
Received Import Request.
  Time since last request: 499.693294 seconds.
  path: Assets/Dream Painting/Materials/New Shader Graph.shadergraph
  artifactKey: Guid(973869b2b8c2601468ffdbafdc583dba) Importer(815301076,1909f56bfc062723c751e8b465ee728b)
Start importing Assets/Dream Painting/Materials/New Shader Graph.shadergraph using Guid(973869b2b8c2601468ffdbafdc583dba) Importer(815301076,1909f56bfc062723c751e8b465ee728b) (PreviewImporter) -> (artifact id: '7e3de6f189e72a565a59a843f9171247') in 4.729698 seconds
Number of updated asset objects reloaded before import = 0Number of asset objects unloaded after import = 2

========================================================================
Received Import Request.
  Time since last request: 5.368456 seconds.
  path: Assets/Dream Painting/Materials/Shadder alpha.shadergraph
  artifactKey: Guid(973869b2b8c2601468ffdbafdc583dba) Importer(815301076,1909f56bfc062723c751e8b465ee728b)
Start importing Assets/Dream Painting/Materials/Shadder alpha.shadergraph using Guid(973869b2b8c2601468ffdbafdc583dba) Importer(815301076,1909f56bfc062723c751e8b465ee728b) (PreviewImporter) -> (artifact id: 'c2ee32c5db8d0ea3c9daf748526359e4') in 0.6822247 seconds
Number of updated asset objects reloaded before import = 0Number of asset objects unloaded after import = 2

========================================================================
Received Import Request.
  Time since last request: 437.802364 seconds.
  path: Assets/TutorialInfo/Icons/HDRP.png
  artifactKey: Guid(d19680cd422524695938fbe55cc3b3bd) Importer(815301076,1909f56bfc062723c751e8b465ee728b)
Start importing Assets/TutorialInfo/Icons/HDRP.png using Guid(d19680cd422524695938fbe55cc3b3bd) Importer(815301076,1909f56bfc062723c751e8b465ee728b) (PreviewImporter) -> (artifact id: '5b02dc0d79a4b517d4137c046240f74b') in 0.1202362 seconds
Number of updated asset objects reloaded before import = 0Number of asset objects unloaded after import = 2

========================================================================
Received Import Request.
  Time since last request: 0.000092 seconds.
  path: Packages/com.unity.purchasing/Icons/UnityEngine.Purchasing.IAPButtonIcon.png
  artifactKey: Guid(55e457740fe60405dac77af143e1a867) Importer(815301076,1909f56bfc062723c751e8b465ee728b)
Start importing Packages/com.unity.purchasing/Icons/UnityEngine.Purchasing.IAPButtonIcon.png using Guid(55e457740fe60405dac77af143e1a867) Importer(815301076,1909f56bfc062723c751e8b465ee728b) (PreviewImporter) -> (artifact id: 'a116d0934e7b63231b8fbf2bd70e7a91') in 0.0299955 seconds
Number of updated asset objects reloaded before import = 0Number of asset objects unloaded after import = 2

========================================================================
Received Import Request.
  Time since last request: 0.000070 seconds.
  path: Packages/com.unity.purchasing/Icons/LinkWhite.png
  artifactKey: Guid(e679a29ca22bc4fa0bd848bd79a42b79) Importer(815301076,1909f56bfc062723c751e8b465ee728b)
Start importing Packages/com.unity.purchasing/Icons/LinkWhite.png using Guid(e679a29ca22bc4fa0bd848bd79a42b79) Importer(815301076,1909f56bfc062723c751e8b465ee728b) (PreviewImporter) -> (artifact id: '43a66fd184b04742f7290bbea3de8f8a') in 0.0248777 seconds
Number of updated asset objects reloaded before import = 0Number of asset objects unloaded after import = 2

========================================================================
Received Import Request.
  Time since last request: 137.072109 seconds.
  path: Assets/Dream Painting/Materials/Shadder alpha.shadergraph
  artifactKey: Guid(973869b2b8c2601468ffdbafdc583dba) Importer(2089858483,b0f066a214c2f5e87bad3c948f4d605d)
Start importing Assets/Dream Painting/Materials/Shadder alpha.shadergraph using Guid(973869b2b8c2601468ffdbafdc583dba) Importer(2089858483,b0f066a214c2f5e87bad3c948f4d605d) (ScriptedImporter) -> (artifact id: '12076fd244d62980e82fa6e0859a98c1') in 0.4674075 seconds
Number of updated asset objects reloaded before import = 0Number of asset objects unloaded after import = 3

========================================================================
Received Prepare
Refreshing native plugins compatible for Editor in 7.64 ms, found 3 plugins.
Preloading 0 native plugins for Editor in 0.00 ms.
Unloading 8 Unused Serialized files (Serialized files now loaded: 0)
Unloading 8527 unused Assets / (5.4 MB). Loaded Objects now: 10043.
Memory consumption went from 304.4 MB to 299.0 MB.
Total: 95.419600 ms (FindLiveObjects: 2.891100 ms CreateObjectMapping: 1.579800 ms MarkObjects: 84.453000 ms  DeleteObjects: 6.493000 ms)

Prepare: number of updated asset objects reloaded= 0
========================================================================
Received Import Request.
  Time since last request: 178.704833 seconds.
  path: Assets/Dream Painting/Materials/Planet_Shader.shadergraph
  artifactKey: Guid(0ce9a7dd327d09d45b8ab00e6b5a1bd2) Importer(2089858483,b0f066a214c2f5e87bad3c948f4d605d)
Start importing Assets/Dream Painting/Materials/Planet_Shader.shadergraph using Guid(0ce9a7dd327d09d45b8ab00e6b5a1bd2) Importer(2089858483,b0f066a214c2f5e87bad3c948f4d605d) (ScriptedImporter) -> (artifact id: '1891a4df5e253682dc19071809a4fe18') in 0.4176797 seconds
Number of updated asset objects reloaded before import = 2Number of asset objects unloaded after import = 3

========================================================================
Received Import Request.
  Time since last request: 2153.959616 seconds.
  path: Assets/Dream Painting/Materials/Planet_Shader.shadergraph
  artifactKey: Guid(0ce9a7dd327d09d45b8ab00e6b5a1bd2) Importer(2089858483,b0f066a214c2f5e87bad3c948f4d605d)
Start importing Assets/Dream Painting/Materials/Planet_Shader.shadergraph using Guid(0ce9a7dd327d09d45b8ab00e6b5a1bd2) Importer(2089858483,b0f066a214c2f5e87bad3c948f4d605d) (ScriptedImporter) -> (artifact id: 'd7f255af5b25f103b6936c4dd1ab25d1') in 0.3717117 seconds
Number of updated asset objects reloaded before import = 0Number of asset objects unloaded after import = 3

========================================================================
Received Import Request.
  Time since last request: 272.803054 seconds.
  path: Assets/Dream Painting/Materials/Atmosphere_Shader.shadergraph
  artifactKey: Guid(67893d33fe6573541910bd8fce490cc6) Importer(815301076,1909f56bfc062723c751e8b465ee728b)
Start importing Assets/Dream Painting/Materials/Atmosphere_Shader.shadergraph using Guid(67893d33fe6573541910bd8fce490cc6) Importer(815301076,1909f56bfc062723c751e8b465ee728b) (PreviewImporter) -> (artifact id: '4887a7c044c957198b2483a7cd230143') in 0.9695831 seconds
Number of updated asset objects reloaded before import = 0Number of asset objects unloaded after import = 2

========================================================================
Received Import Request.
  Time since last request: 431.752899 seconds.
  path: Assets/Dream Painting/Materials/Atmosphere_Shader.shadergraph
  artifactKey: Guid(67893d33fe6573541910bd8fce490cc6) Importer(2089858483,b0f066a214c2f5e87bad3c948f4d605d)
Start importing Assets/Dream Painting/Materials/Atmosphere_Shader.shadergraph using Guid(67893d33fe6573541910bd8fce490cc6) Importer(2089858483,b0f066a214c2f5e87bad3c948f4d605d) (ScriptedImporter) -> (artifact id: '2ddaa3e8ee2b44b38213f49556991721') in 0.2869569 seconds
Number of updated asset objects reloaded before import = 0Number of asset objects unloaded after import = 3

========================================================================
Received Import Request.
  Time since last request: 284.572659 seconds.
  path: Assets/Dream Painting/Materials/Planet_Material.mat
  artifactKey: Guid(672853600434e2a45b59232d63d81075) Importer(2089858483,b0f066a214c2f5e87bad3c948f4d605d)
Start importing Assets/Dream Painting/Materials/Planet_Material.mat using Guid(672853600434e2a45b59232d63d81075) Importer(2089858483,b0f066a214c2f5e87bad3c948f4d605d) (ScriptedImporter) -> (artifact id: '2bd8fe43b90d2a9e65255e92f07e806b') in 0.2953666 seconds
Number of updated asset objects reloaded before import = 0Number of asset objects unloaded after import = 2

